<?xml version="1.0" encoding="UTF-8"?><testsuite failures="0" name="cucumber.runtime.formatter.JUnitFormatter" skipped="0" tests="1" time="12.530834">
<testcase classname="Broadleaf Commerce Login Functionality" name="1. Valid User Valid Password" time="12.530834">
<system-out><![CDATA[Given As a  validated user..................................................passed
When Browse to the application..............................................passed
Then Broadleaf HomePage should show.........................................passed
When User click login button................................................passed
And Enter "rahath43@gmail.com" as email address.............................passed
And Enter "abcdefg" as password.............................................passed
And Click login.............................................................passed
Then valid email or password message display................................passed
And Welcome message shows...................................................passed
]]></system-out>
</testcase>
</testsuite>
